# JRE version: OpenJDK Runtime Environment (11.0.10) (build 11.0.10+0-b96-7249189)
# Java VM: OpenJDK 64-Bit Server VM (11.0.10+0-b96-7249189, mixed mode, tiered, compressed oops, g1 gc, windows-amd64)
Heap:
 garbage-first heap   total 160768K, used 118128K [0x0000000080000000, 0x0000000100000000)
  region size 1024K, 6 young (6144K), 3 survivors (3072K)
 Metaspace       used 137501K, capacity 142085K, committed 142796K, reserved 1173504K
  class space    used 17058K, capacity 18775K, committed 19148K, reserved 1048576K
GC Heap History (20 events):
Event: 8588.115 GC heap before
{Heap before GC invocations=360 (full 0):
 garbage-first heap   total 160768K, used 122954K [0x0000000080000000, 0x0000000100000000)
  region size 1024K, 15 young (15360K), 2 survivors (2048K)
 Metaspace       used 137297K, capacity 141852K, committed 142540K, reserved 1173504K
  class space    used 17057K, capacity 18743K, committed 19148K, reserved 1048576K
}
Event: 8588.122 GC heap after
{Heap after GC invocations=361 (full 0):
 garbage-first heap   total 160768K, used 111195K [0x0000000080000000, 0x0000000100000000)
  region size 1024K, 2 young (2048K), 2 survivors (2048K)
 Metaspace       used 137297K, capacity 141852K, committed 142540K, reserved 1173504K
  class space    used 17057K, capacity 18743K, committed 19148K, reserved 1048576K
}
Event: 8588.131 GC heap before
{Heap before GC invocations=361 (full 0):
 garbage-first heap   total 160768K, used 116315K [0x0000000080000000, 0x0000000100000000)
  region size 1024K, 7 young (7168K), 2 survivors (2048K)
 Metaspace       used 137333K, capacity 141980K, committed 142796K, reserved 1173504K
  class space    used 17057K, capacity 18743K, committed 19148K, reserved 1048576K
}
Event: 8588.137 GC heap after
{Heap after GC invocations=362 (full 0):
 garbage-first heap   total 160768K, used 101836K [0x0000000080000000, 0x0000000100000000)
  region size 1024K, 1 young (1024K), 1 survivors (1024K)
 Metaspace       used 137333K, capacity 141980K, committed 142796K, reserved 1173504K
  class space    used 17057K, capacity 18743K, committed 19148K, reserved 1048576K
}
Event: 8588.220 GC heap before
{Heap before GC invocations=362 (full 0):
 garbage-first heap   total 160768K, used 110028K [0x0000000080000000, 0x0000000100000000)
  region size 1024K, 10 young (10240K), 1 survivors (1024K)
 Metaspace       used 137360K, capacity 141981K, committed 142796K, reserved 1173504K
  class space    used 17057K, capacity 18743K, committed 19148K, reserved 1048576K
}
Event: 8588.224 GC heap after
{Heap after GC invocations=363 (full 0):
 garbage-first heap   total 160768K, used 102634K [0x0000000080000000, 0x0000000100000000)
  region size 1024K, 1 young (1024K), 1 survivors (1024K)
 Metaspace       used 137360K, capacity 141981K, committed 142796K, reserved 1173504K
  class space    used 17057K, capacity 18743K, committed 19148K, reserved 1048576K
}
Event: 8588.394 GC heap before
{Heap before GC invocations=364 (full 0):
 garbage-first heap   total 160768K, used 126186K [0x0000000080000000, 0x0000000100000000)
  region size 1024K, 22 young (22528K), 1 survivors (1024K)
 Metaspace       used 137360K, capacity 141981K, committed 142796K, reserved 1173504K
  class space    used 17057K, capacity 18743K, committed 19148K, reserved 1048576K
}
Event: 8588.400 GC heap after
{Heap after GC invocations=365 (full 0):
 garbage-first heap   total 160768K, used 110911K [0x0000000080000000, 0x0000000100000000)
  region size 1024K, 3 young (3072K), 3 survivors (3072K)
 Metaspace       used 137360K, capacity 141981K, committed 142796K, reserved 1173504K
  class space    used 17057K, capacity 18743K, committed 19148K, reserved 1048576K
}
Event: 8588.412 GC heap before
{Heap before GC invocations=365 (full 0):
 garbage-first heap   total 160768K, used 115007K [0x0000000080000000, 0x0000000100000000)
  region size 1024K, 7 young (7168K), 3 survivors (3072K)
 Metaspace       used 137366K, capacity 141982K, committed 142796K, reserved 1173504K
  class space    used 17057K, capacity 18743K, committed 19148K, reserved 1048576K
}
Event: 8588.421 GC heap after
{Heap after GC invocations=366 (full 0):
 garbage-first heap   total 160768K, used 109944K [0x0000000080000000, 0x0000000100000000)
  region size 1024K, 1 young (1024K), 1 survivors (1024K)
 Metaspace       used 137366K, capacity 141982K, committed 142796K, reserved 1173504K
  class space    used 17057K, capacity 18743K, committed 19148K, reserved 1048576K
}
Event: 8588.550 GC heap before
{Heap before GC invocations=366 (full 0):
 garbage-first heap   total 160768K, used 127352K [0x0000000080000000, 0x0000000100000000)
  region size 1024K, 19 young (19456K), 1 survivors (1024K)
 Metaspace       used 137406K, capacity 142048K, committed 142796K, reserved 1173504K
  class space    used 17057K, capacity 18743K, committed 19148K, reserved 1048576K
}
Event: 8588.556 GC heap after
{Heap after GC invocations=367 (full 0):
 garbage-first heap   total 160768K, used 110859K [0x0000000080000000, 0x0000000100000000)
  region size 1024K, 2 young (2048K), 2 survivors (2048K)
 Metaspace       used 137406K, capacity 142048K, committed 142796K, reserved 1173504K
  class space    used 17057K, capacity 18743K, committed 19148K, reserved 1048576K
}
Event: 8682.481 GC heap before
{Heap before GC invocations=368 (full 0):
 garbage-first heap   total 160768K, used 135435K [0x0000000080000000, 0x0000000100000000)
  region size 1024K, 20 young (20480K), 2 survivors (2048K)
 Metaspace       used 137410K, capacity 142048K, committed 142796K, reserved 1173504K
  class space    used 17057K, capacity 18743K, committed 19148K, reserved 1048576K
}
Event: 8682.484 GC heap after
{Heap after GC invocations=369 (full 0):
 garbage-first heap   total 160768K, used 110777K [0x0000000080000000, 0x0000000100000000)
  region size 1024K, 1 young (1024K), 1 survivors (1024K)
 Metaspace       used 137410K, capacity 142048K, committed 142796K, reserved 1173504K
  class space    used 17057K, capacity 18743K, committed 19148K, reserved 1048576K
}
Event: 8823.147 GC heap before
{Heap before GC invocations=369 (full 0):
 garbage-first heap   total 160768K, used 116921K [0x0000000080000000, 0x0000000100000000)
  region size 1024K, 7 young (7168K), 1 survivors (1024K)
 Metaspace       used 137423K, capacity 142080K, committed 142796K, reserved 1173504K
  class space    used 17058K, capacity 18775K, committed 19148K, reserved 1048576K
}
Event: 8823.153 GC heap after
{Heap after GC invocations=370 (full 0):
 garbage-first heap   total 160768K, used 107443K [0x0000000080000000, 0x0000000100000000)
  region size 1024K, 1 young (1024K), 1 survivors (1024K)
 Metaspace       used 137423K, capacity 142080K, committed 142796K, reserved 1173504K
  class space    used 17058K, capacity 18775K, committed 19148K, reserved 1048576K
}
Event: 8823.733 GC heap before
{Heap before GC invocations=370 (full 0):
 garbage-first heap   total 160768K, used 127923K [0x0000000080000000, 0x0000000100000000)
  region size 1024K, 21 young (21504K), 1 survivors (1024K)
 Metaspace       used 137469K, capacity 142082K, committed 142796K, reserved 1173504K
  class space    used 17058K, capacity 18775K, committed 19148K, reserved 1048576K
}
Event: 8823.746 GC heap after
{Heap after GC invocations=371 (full 0):
 garbage-first heap   total 160768K, used 110009K [0x0000000080000000, 0x0000000100000000)
  region size 1024K, 3 young (3072K), 3 survivors (3072K)
 Metaspace       used 137469K, capacity 142082K, committed 142796K, reserved 1173504K
  class space    used 17058K, capacity 18775K, committed 19148K, reserved 1048576K
}
Event: 8825.224 GC heap before
{Heap before GC invocations=372 (full 0):
 garbage-first heap   total 160768K, used 131513K [0x0000000080000000, 0x0000000100000000)
  region size 1024K, 23 young (23552K), 3 survivors (3072K)
 Metaspace       used 137501K, capacity 142085K, committed 142796K, reserved 1173504K
  class space    used 17058K, capacity 18775K, committed 19148K, reserved 1048576K
}
Event: 8825.231 GC heap after
{Heap after GC invocations=373 (full 0):
 garbage-first heap   total 160768K, used 116080K [0x0000000080000000, 0x0000000100000000)
  region size 1024K, 3 young (3072K), 3 survivors (3072K)
 Metaspace       used 137501K, capacity 142085K, committed 142796K, reserved 1173504K
  class space    used 17058K, capacity 18775K, committed 19148K, reserved 1048576K
}

